<testsuites id="" name="" tests="51" failures="0" skipped="0" errors="0" time="56.728697999999994">
<testsuite name="contact.spec.ts" timestamp="2025-10-30T16:46:47.611Z" hostname="chromium" tests="3" failures="0" skipped="0" time="11.818" errors="0">
<testcase name="Contact form › shows validation error when required fields missing" classname="contact.spec.ts" time="5.848">
</testcase>
<testcase name="Contact form › submits successfully with valid data" classname="contact.spec.ts" time="3.838">
</testcase>
<testcase name="Contact form › shows error on server failure" classname="contact.spec.ts" time="2.132">
</testcase>
</testsuite>
<testsuite name="smoke.spec.ts" timestamp="2025-10-30T16:46:47.611Z" hostname="chromium" tests="14" failures="0" skipped="0" time="29.978" errors="0">
<testcase name="Smoke: / › loads /" classname="smoke.spec.ts" time="4.148">
</testcase>
<testcase name="Smoke: /about › loads /about" classname="smoke.spec.ts" time="3.53">
</testcase>
<testcase name="Smoke: /parents › loads /parents" classname="smoke.spec.ts" time="3.557">
</testcase>
<testcase name="Smoke: /policies › loads /policies" classname="smoke.spec.ts" time="1.346">
</testcase>
<testcase name="Smoke: /contact › loads /contact" classname="smoke.spec.ts" time="1.087">
</testcase>
<testcase name="Programs smoke: /programs/adult › loads /programs/adult" classname="smoke.spec.ts" time="3.501">
</testcase>
<testcase name="Programs smoke: /programs/camp › loads /programs/camp" classname="smoke.spec.ts" time="1.409">
</testcase>
<testcase name="Programs smoke: /programs/homeschool › loads /programs/homeschool" classname="smoke.spec.ts" time="2.002">
</testcase>
<testcase name="Programs smoke: /programs/open-gym › loads /programs/open-gym" classname="smoke.spec.ts" time="1.632">
</testcase>
<testcase name="Programs smoke: /programs/parties-events › loads /programs/parties-events" classname="smoke.spec.ts" time="1.172">
</testcase>
<testcase name="Programs smoke: /programs/preschool › loads /programs/preschool" classname="smoke.spec.ts" time="1.585">
</testcase>
<testcase name="Programs smoke: /programs/recreational › loads /programs/recreational" classname="smoke.spec.ts" time="1.601">
</testcase>
<testcase name="Programs smoke: /programs/team › loads /programs/team" classname="smoke.spec.ts" time="1.41">
</testcase>
<testcase name="Programs smoke: /programs/tumbling › loads /programs/tumbling" classname="smoke.spec.ts" time="1.998">
</testcase>
</testsuite>
<testsuite name="contact.spec.ts" timestamp="2025-10-30T16:46:47.611Z" hostname="firefox" tests="3" failures="0" skipped="0" time="10.694" errors="0">
<testcase name="Contact form › shows validation error when required fields missing" classname="contact.spec.ts" time="4.404">
</testcase>
<testcase name="Contact form › submits successfully with valid data" classname="contact.spec.ts" time="2.895">
</testcase>
<testcase name="Contact form › shows error on server failure" classname="contact.spec.ts" time="3.395">
</testcase>
</testsuite>
<testsuite name="smoke.spec.ts" timestamp="2025-10-30T16:46:47.611Z" hostname="firefox" tests="14" failures="0" skipped="0" time="36.932" errors="0">
<testcase name="Smoke: / › loads /" classname="smoke.spec.ts" time="6.651">
</testcase>
<testcase name="Smoke: /about › loads /about" classname="smoke.spec.ts" time="3.222">
</testcase>
<testcase name="Smoke: /parents › loads /parents" classname="smoke.spec.ts" time="2.825">
</testcase>
<testcase name="Smoke: /policies › loads /policies" classname="smoke.spec.ts" time="2.939">
</testcase>
<testcase name="Smoke: /contact › loads /contact" classname="smoke.spec.ts" time="3.112">
</testcase>
<testcase name="Programs smoke: /programs/adult › loads /programs/adult" classname="smoke.spec.ts" time="2.321">
</testcase>
<testcase name="Programs smoke: /programs/camp › loads /programs/camp" classname="smoke.spec.ts" time="1.92">
</testcase>
<testcase name="Programs smoke: /programs/homeschool › loads /programs/homeschool" classname="smoke.spec.ts" time="1.873">
</testcase>
<testcase name="Programs smoke: /programs/open-gym › loads /programs/open-gym" classname="smoke.spec.ts" time="2.043">
</testcase>
<testcase name="Programs smoke: /programs/parties-events › loads /programs/parties-events" classname="smoke.spec.ts" time="1.751">
</testcase>
<testcase name="Programs smoke: /programs/preschool › loads /programs/preschool" classname="smoke.spec.ts" time="1.887">
</testcase>
<testcase name="Programs smoke: /programs/recreational › loads /programs/recreational" classname="smoke.spec.ts" time="1.873">
</testcase>
<testcase name="Programs smoke: /programs/team › loads /programs/team" classname="smoke.spec.ts" time="2.122">
</testcase>
<testcase name="Programs smoke: /programs/tumbling › loads /programs/tumbling" classname="smoke.spec.ts" time="2.393">
</testcase>
</testsuite>
<testsuite name="contact.spec.ts" timestamp="2025-10-30T16:46:47.611Z" hostname="webkit" tests="3" failures="0" skipped="0" time="13.153" errors="0">
<testcase name="Contact form › shows validation error when required fields missing" classname="contact.spec.ts" time="3.482">
</testcase>
<testcase name="Contact form › submits successfully with valid data" classname="contact.spec.ts" time="4.47">
</testcase>
<testcase name="Contact form › shows error on server failure" classname="contact.spec.ts" time="5.201">
</testcase>
</testsuite>
<testsuite name="smoke.spec.ts" timestamp="2025-10-30T16:46:47.611Z" hostname="webkit" tests="14" failures="0" skipped="0" time="25.308" errors="0">
<testcase name="Smoke: / › loads /" classname="smoke.spec.ts" time="3.94">
</testcase>
<testcase name="Smoke: /about › loads /about" classname="smoke.spec.ts" time="2.043">
</testcase>
<testcase name="Smoke: /parents › loads /parents" classname="smoke.spec.ts" time="1.779">
</testcase>
<testcase name="Smoke: /policies › loads /policies" classname="smoke.spec.ts" time="1.686">
</testcase>
<testcase name="Smoke: /contact › loads /contact" classname="smoke.spec.ts" time="1.553">
</testcase>
<testcase name="Programs smoke: /programs/adult › loads /programs/adult" classname="smoke.spec.ts" time="2.185">
</testcase>
<testcase name="Programs smoke: /programs/camp › loads /programs/camp" classname="smoke.spec.ts" time="1.772">
</testcase>
<testcase name="Programs smoke: /programs/homeschool › loads /programs/homeschool" classname="smoke.spec.ts" time="2.072">
</testcase>
<testcase name="Programs smoke: /programs/open-gym › loads /programs/open-gym" classname="smoke.spec.ts" time="1.741">
</testcase>
<testcase name="Programs smoke: /programs/parties-events › loads /programs/parties-events" classname="smoke.spec.ts" time="1.533">
</testcase>
<testcase name="Programs smoke: /programs/preschool › loads /programs/preschool" classname="smoke.spec.ts" time="1.233">
</testcase>
<testcase name="Programs smoke: /programs/recreational › loads /programs/recreational" classname="smoke.spec.ts" time="1.297">
</testcase>
<testcase name="Programs smoke: /programs/team › loads /programs/team" classname="smoke.spec.ts" time="1.364">
</testcase>
<testcase name="Programs smoke: /programs/tumbling › loads /programs/tumbling" classname="smoke.spec.ts" time="1.11">
</testcase>
</testsuite>
</testsuites>